info: socket.io started
Api Started
info: handshake authorized hUbC33SOE4-PcKOjTrTN
Auth:  { t: '1379914419490' }
info: transport end (socket end)
info: handshake authorized k1M4ARvtHHQWcPRyTrTO
Auth:  { user_id: '0', username: 'Benito Gómez', t: '1379914505862' }
Benito Gómez: hello from up
info: transport end (socket end)
info: handshake authorized ucj3NDtNYuPQH-fPTrTP
Auth:  { user_id: '0', username: 'Benito Gómez', t: '1379915952123' }
info: transport end (socket end)
info: handshake authorized wqEoXdNAWsPFajcHTrTQ
Auth:  { user_id: '0', username: 'Benito Gómez', t: '1379916004766' }
info: transport end (socket end)
info: handshake authorized n4lNg3nuC7yVkqsRTrTR
Auth:  { user_id: '0', username: 'Benito Gómez', t: '1379916049068' }
info: socket.io started
Api Started
info: handshake authorized 4L_gsf86utVMCg5taDtX
Auth:  { user_id: '0', username: 'Benito Gómez', t: '1379916061545' }
Benito Gómez: test one more
info: handshake authorized S-FnYNkmK5oPfYihaDtY
Auth:  { user_id: '14', username: 'Aguamala Ca', t: '1379916172325' }
info: transport end (heartbeat timeout)
info: transport end (heartbeat timeout)
info: handshake authorized qtXeHaFOl06oI5l7aDtZ
Auth:  { user_id: '14', username: 'Aguamala Ca', t: '1379921056518' }
info: handshake authorized tp0SKkHT--XLQ_S0aDta
Auth:  { user_id: '0', username: 'Benito Gómez', t: '1379921068208' }
info: transport end (undefined)
info: handshake authorized SlkZG9Xdm0el4eXtaDtb
Auth:  { user_id: '14', username: 'Aguamala Ca', t: '1379921116327' }
info: transport end (undefined)
info: handshake authorized 7YkJq6RlJJKa7vfeaDtc
Auth:  { user_id: '0', username: 'Benito Gómez', t: '1379921122799' }
info: transport end (heartbeat timeout)
info: transport end (heartbeat timeout)
info: handshake authorized XSJdakI-mICKK7pzaDtd
Auth:  { user_id: '14', username: 'Aguamala Ca', t: '1379927110348' }
info: handshake authorized gJouEjWNTi6EtxUbaDte
Auth:  { user_id: '0', username: 'Benito Gómez', t: '1379927115350' }
info: transport end (heartbeat timeout)
info: transport end (heartbeat timeout)
info: handshake authorized okbVW6hyRcEbCUPeaDtf
Auth:  { user_id: '14', username: 'Aguamala Ca', t: '1379932212104' }
info: handshake authorized C0ksfdRTU55XAJMsaDtg
Auth:  { user_id: '0', username: 'Benito Gómez', t: '1379932225986' }
info: transport end (heartbeat timeout)
info: transport end (heartbeat timeout)
info: handshake authorized tEaluig5BlwG3L7LaDth
Auth:  { user_id: '0', username: 'Benito Gómez', t: '1379948443388' }
info: handshake authorized IFVpSsfJ2yGweuzeaDti
Auth:  { user_id: '14', username: 'Aguamala Ca', t: '1379948453282' }
info: transport end (undefined)
info: handshake authorized GWeGzGlBvWTsVz6HaDtj
Auth:  { user_id: '0', username: 'Benito Gómez', t: '1379948683388' }
info: transport end (undefined)
info: handshake authorized BUIJh2bqoaQPvFF0aDtk
Auth:  { user_id: '14', username: 'Aguamala Ca', t: '1379948693284' }
